<?xml version="1.0" encoding="UTF-8"?>
<!-- Generated by org.testng.reporters.JUnitReportReporter -->
<testsuite hostname="ddc5-l-5194H8L" name="com.test.java.PriorityTest" tests="2" failures="0" timestamp="28 Aug 2018 05:07:43 GMT" time="0.027" errors="0">
  <testcase name="test2" time="0.018" classname="com.test.java.PriorityTest"/>
  <testcase name="test3" time="0.009" classname="com.test.java.PriorityTest"/>
</testsuite> <!-- com.test.java.PriorityTest -->
