<?xml version="1.0" encoding="UTF-8"?>
<!-- Generated by org.testng.reporters.JUnitReportReporter -->
<testsuite hostname="ddc5-l-5194H8L" name="com.test.java.FirstTest" tests="1" failures="0" timestamp="24 Aug 2018 04:06:34 GMT" time="0.027" errors="0">
  <testcase name="f" time="0.027" classname="com.test.java.FirstTest"/>
</testsuite> <!-- com.test.java.FirstTest -->
