<?xml version="1.0" encoding="UTF-8"?>
<!-- Generated by org.testng.reporters.JUnitReportReporter -->
<testsuite hostname="ddc5-l-5194H8L" name="com.test.java.TestWindows" tests="1" failures="0" timestamp="11 Oct 2018 09:00:52 GMT" time="107.218" errors="0">
  <testcase name="windowtest" time="107.218" classname="com.test.java.TestWindows"/>
</testsuite> <!-- com.test.java.TestWindows -->
